[2020-08-07T10:11:47.014] [40172] ::ffff:172.25.78.33 - "http POST /user/login/github null" 302 173 15ms
[2020-08-07T10:12:53.713] [42672] ::ffff:172.25.78.33 - "http POST /user/login/github null" 302 173 5ms
[2020-08-07T10:17:10.380] [29472] ::ffff:172.25.78.33 - "http POST /user/login/github null" 302 173 7ms
[2020-08-07T10:26:23.015] [16868] ::ffff:172.25.78.33 - "http POST /user/login/github null" 404 undefined 2ms
[2020-08-07T10:26:33.227] [16868] ::ffff:172.25.78.33 - "http GET /user/login/github null" 302 173 5ms
[2020-08-07T10:27:22.744] [16868] ::ffff:172.25.78.33 - "http GET /user/login/github null" 302 173 1ms
[2020-08-07T10:38:25.201] [7524] ::ffff:172.25.78.33 - "http GET /user/login/github null" 302 173 4ms
[2020-08-07T10:42:41.860] [22180] ::ffff:172.25.78.33 - "http GET /user/login/github null" 302 173 4ms
[2020-08-07T10:42:42.279] [22180] ::ffff:172.25.78.33 - "http GET /user/login/github null" 302 173 0ms
[2020-08-07T10:42:47.149] [22180] ::ffff:172.25.78.33 - "http POST /user/login application/json" 200 86 58ms
------------------------- start
req type: application/json
req query: {}
req body: {"username":"admin","password":"e10adc3949ba59abbe56e057f20f883e"}
res type: application/json
res body: {"status":200,"msg":"success","data":{"token":"819bd32f-6fd4-4812-bfda-34bfdf8a162c"}}
------------------------- end
[2020-08-07T10:47:39.085] [22180] ::ffff:172.25.78.33 - "http GET /user/login/github null" 302 173 0ms
[2020-08-07T10:51:48.874] [44396] ::ffff:172.25.78.33 - "http GET /user/login/github null" 302 71 4ms
[2020-08-07T10:54:05.361] [41004] ::ffff:172.25.78.33 - "http GET /user/login/github null" 302 173 5ms
[2020-08-07T10:54:30.843] [40704] ::ffff:172.25.78.33 - "http GET /user/login/github null" 302 173 5ms
[2020-08-07T11:34:13.994] [44380] ::ffff:172.25.78.33 - "http POST /user/login/github null" 302 173 6ms
[2020-08-07T11:34:15.684] [44380] ::ffff:172.25.78.33 - "http POST /user/login/github null" 302 173 1ms
[2020-08-07T11:34:38.043] [44380] ::ffff:172.25.78.33 - "http POST /user/login/github null" 302 173 0ms
[2020-08-07T11:35:40.647] [25524] ::ffff:172.25.78.33 - "http POST /user/login/github null" 302 173 7ms
[2020-08-07T11:38:08.665] [23052] ::ffff:172.25.78.33 - "http GET /user/login/github null" 302 173 6ms
[2020-08-07T11:38:31.987] [28732] ::ffff:172.25.78.33 - "http GET /user/login/github null" 302 173 5ms
[2020-08-07T11:43:02.867] [37196] ::ffff:172.25.78.33 - "http GET /user/login/github null" 302 173 5ms
[2020-08-07T11:45:02.193] [18612] ::ffff:172.25.78.33 - "http GET /user/login/github null" 302 173 7ms
[2020-08-07T11:52:59.239] [18612] ::ffff:172.25.78.33 - "http GET /user/login/github null" 302 173 1ms
[2020-08-07T11:56:05.791] [18612] ::ffff:172.25.78.33 - "http GET /user/login/github null" 302 173 1ms
[2020-08-07T11:57:16.424] [9800] ::ffff:172.25.78.33 - "http GET /user/login/github null" 302 173 6ms
[2020-08-07T11:58:01.750] [9800] ::1 - "http GET /github?code=19f813a5837ad4745f05 null" 200 35 2ms
------------------------- start
req type: null
req query: {"code":"19f813a5837ad4745f05"}
req body: {}
res type: application/json
res body: {"status":401,"msg":"unauthorized"}
------------------------- end
[2020-08-07T11:59:04.613] [44084] ::1 - "http GET /github?code=dcd67f246a4c12ea5181 null" 404 undefined 3ms
[2020-08-07T11:59:43.486] [44084] ::1 - "http GET /github?code=e0684d5473361b39d68c null" 404 undefined 1ms
[2020-08-07T11:59:56.773] [44084] ::1 - "http GET /github?code=4d0193e7662474c7f35a null" 404 undefined 0ms
[2020-08-07T12:00:16.358] [44084] ::ffff:172.25.78.33 - "http GET /user/login/github null" 302 173 4ms
[2020-08-07T12:00:18.465] [44084] ::ffff:172.25.78.33 - "http GET /user/login/github null" 302 173 1ms
[2020-08-07T12:00:56.741] [36556] ::ffff:172.25.78.33 - "http GET /user/login/github null" 302 173 6ms
[2020-08-07T12:02:12.984] [36556] ::ffff:172.25.78.33 - "http GET /user/login/github null" 302 173 1ms
[2020-08-07T12:09:04.204] [44304] ::ffff:172.25.78.33 - "http GET /user/login/github null" 302 83 6ms
[2020-08-07T12:09:16.009] [44304] ::ffff:172.25.78.33 - "http GET /user/login/github null" 302 83 1ms
[2020-08-07T12:09:28.038] [41064] ::ffff:172.25.78.33 - "http GET /user/login/github null" 302 83 8ms
[2020-08-07T12:57:04.717] [14644] ::ffff:172.25.78.33 - "http GET /user/login/github null" 302 85 9ms
[2020-08-07T12:57:26.236] [42068] ::ffff:172.25.78.33 - "http GET /user/login/github null" 302 85 7ms
[2020-08-07T13:04:52.494] [31944] ::ffff:172.25.78.33 - "http GET /user/login/github null" 302 41 7ms
[2020-08-07T13:04:52.505] [31944] ::ffff:172.25.78.33 - "http GET /test null" 200 114 3ms
------------------------- start
req type: null
req query: {}
req body: {}
res type: application/json
res body: {"status":401,"msg":"unauthorized","data":"Error: token invalid or expired: 819bd32f-6fd4-4812-bfda-34bfdf8a162c"}
------------------------- end
[2020-08-07T13:04:54.634] [31944] ::ffff:172.25.78.33 - "http GET /user/login/github null" 302 41 2ms
[2020-08-07T13:04:54.638] [31944] ::ffff:172.25.78.33 - "http GET /test null" 200 114 1ms
------------------------- start
req type: null
req query: {}
req body: {}
res type: application/json
res body: {"status":401,"msg":"unauthorized","data":"Error: token invalid or expired: 819bd32f-6fd4-4812-bfda-34bfdf8a162c"}
------------------------- end
[2020-08-07T13:04:55.673] [31944] ::ffff:172.25.78.33 - "http GET /user/login/github null" 302 41 1ms
[2020-08-07T13:04:55.678] [31944] ::ffff:172.25.78.33 - "http GET /test null" 200 114 1ms
------------------------- start
req type: null
req query: {}
req body: {}
res type: application/json
res body: {"status":401,"msg":"unauthorized","data":"Error: token invalid or expired: 819bd32f-6fd4-4812-bfda-34bfdf8a162c"}
------------------------- end
[2020-08-07T13:06:54.511] [31944] ::ffff:172.25.78.33 - "http GET /user/login/github null" 302 41 3ms
[2020-08-07T13:06:54.519] [31944] ::ffff:172.25.78.33 - "http GET /test null" 200 114 1ms
------------------------- start
req type: null
req query: {}
req body: {}
res type: application/json
res body: {"status":401,"msg":"unauthorized","data":"Error: token invalid or expired: 819bd32f-6fd4-4812-bfda-34bfdf8a162c"}
------------------------- end
[2020-08-07T13:06:54.860] [31944] ::ffff:172.25.78.33 - "http GET /user/login/github null" 302 41 2ms
[2020-08-07T13:06:54.866] [31944] ::ffff:172.25.78.33 - "http GET /test null" 200 114 0ms
------------------------- start
req type: null
req query: {}
req body: {}
res type: application/json
res body: {"status":401,"msg":"unauthorized","data":"Error: token invalid or expired: 819bd32f-6fd4-4812-bfda-34bfdf8a162c"}
------------------------- end
[2020-08-07T13:06:55.428] [31944] ::ffff:172.25.78.33 - "http GET /user/login/github null" 302 41 2ms
[2020-08-07T13:06:55.432] [31944] ::ffff:172.25.78.33 - "http GET /test null" 200 114 1ms
------------------------- start
req type: null
req query: {}
req body: {}
res type: application/json
res body: {"status":401,"msg":"unauthorized","data":"Error: token invalid or expired: 819bd32f-6fd4-4812-bfda-34bfdf8a162c"}
------------------------- end
[2020-08-07T13:07:18.247] [31944] ::ffff:172.25.78.33 - "http POST /user/login application/json" 200 86 28ms
------------------------- start
req type: application/json
req query: {}
req body: {"username":"admin","password":"e10adc3949ba59abbe56e057f20f883e"}
res type: application/json
res body: {"status":200,"msg":"success","data":{"token":"0d849e1a-2fd5-47c4-9cff-9312cef37a36"}}
------------------------- end
[2020-08-07T13:07:22.813] [31944] ::ffff:172.25.78.33 - "http GET /user/login/github null" 302 41 1ms
[2020-08-07T13:07:22.822] [31944] ::ffff:172.25.78.33 - "http GET /test null" 404 undefined 3ms
[2020-08-07T13:08:02.687] [30200] ::ffff:172.25.78.33 - "http GET /user/login/github null" 302 73 6ms
[2020-08-07T13:10:44.331] [42084] ::ffff:172.25.78.33 - "http GET /user/login/github null" 302 73 9ms
[2020-08-07T13:13:33.071] [11340] ::1 - "http GET /github?code=1c18133981c36a0c7b79 null" 404 undefined 4ms
[2020-08-07T13:14:24.458] [11340] ::ffff:127.0.0.1 - "http GET /github?code=5e0c23230d66a1a9bd0d null" 404 undefined 1ms
[2020-08-07T13:14:30.246] [11340] ::ffff:127.0.0.1 - "http GET /github?code=388888c3d903826bcc41 null" 404 undefined 1ms
[2020-08-07T13:15:21.736] [22512] ::1 - "http GET /github?code=55b4cc82168e538963a3 null" 404 undefined 2ms
[2020-08-07T13:26:51.483] [28488] ::1 - "http GET /github?code=690fbe3a4ef9046e0dd8 null" 404 undefined 650ms
[2020-08-07T13:27:57.473] [40636] ::1 - "http GET /github?code=24f0cdf7eec84fd057d6 null" 404 undefined 622ms
[2020-08-07T13:28:16.936] [40636] ::1 - "http GET /github?code=24f0cdf7eec84fd057d6 null" 404 undefined 491ms
[2020-08-07T13:28:17.027] [40636] ::1 - "http GET /favicon.ico null" 200 35 1ms
------------------------- start
req type: null
req query: {}
req body: {}
res type: application/json
res body: {"status":401,"msg":"unauthorized"}
------------------------- end
[2020-08-07T13:28:27.598] [12944] ::1 - "http GET /github?code=321f022d6bc4ad6d0b25 null" 404 undefined 718ms
[2020-08-07T13:28:27.691] [12944] ::1 - "http GET /favicon.ico null" 200 35 1ms
------------------------- start
req type: null
req query: {}
req body: {}
res type: application/json
res body: {"status":401,"msg":"unauthorized"}
------------------------- end
[2020-08-07T13:29:55.304] [29520] ::1 - "http GET /github?code=c94b0f7aaf41d5eedffa null" 404 undefined 732ms
[2020-08-07T13:29:55.410] [29520] ::1 - "http GET /favicon.ico null" 200 35 1ms
------------------------- start
req type: null
req query: {}
req body: {}
res type: application/json
res body: {"status":401,"msg":"unauthorized"}
------------------------- end
[2020-08-07T13:30:37.685] [26880] ::ffff:172.25.78.33 - "http POST /user/login application/json" 200 86 31ms
------------------------- start
req type: application/json
req query: {}
req body: {"username":"admin","password":"e10adc3949ba59abbe56e057f20f883e"}
res type: application/json
res body: {"status":200,"msg":"success","data":{"token":"99eb1105-0cc0-45be-be57-aa2be5997abf"}}
------------------------- end
[2020-08-07T13:30:41.956] [26880] ::1 - "http GET /github?code=bc2033eda1e0ee152dd9 null" 404 undefined 793ms
[2020-08-07T13:30:42.062] [26880] ::1 - "http GET /favicon.ico null" 200 35 0ms
------------------------- start
req type: null
req query: {}
req body: {}
res type: application/json
res body: {"status":401,"msg":"unauthorized"}
------------------------- end
[2020-08-07T13:31:14.633] [28216] ::1 - "http GET /github?code=2c71f2e67c1657092a6b null" 404 undefined 689ms
[2020-08-07T13:31:14.742] [28216] ::1 - "http GET /favicon.ico null" 200 35 1ms
------------------------- start
req type: null
req query: {}
req body: {}
res type: application/json
res body: {"status":401,"msg":"unauthorized"}
------------------------- end
[2020-08-07T13:31:58.715] [8444] ::1 - "http GET /github?code=9471e94f5aab9c773b72 null" 404 undefined 624ms
[2020-08-07T13:31:58.805] [8444] ::1 - "http GET /favicon.ico null" 200 35 1ms
------------------------- start
req type: null
req query: {}
req body: {}
res type: application/json
res body: {"status":401,"msg":"unauthorized"}
------------------------- end
[2020-08-07T13:32:36.260] [37904] ::1 - "http GET /github?code=d7fdfa8fed2d0c4b5b3f null" 404 undefined 608ms
[2020-08-07T13:32:36.359] [37904] ::1 - "http GET /favicon.ico null" 200 35 1ms
------------------------- start
req type: null
req query: {}
req body: {}
res type: application/json
res body: {"status":401,"msg":"unauthorized"}
------------------------- end
[2020-08-07T13:33:08.781] [43236] ::1 - "http GET /github?code=5a309281ff8e01a201f1 null" 404 undefined 666ms
[2020-08-07T13:33:08.882] [43236] ::1 - "http GET /favicon.ico null" 200 35 1ms
------------------------- start
req type: null
req query: {}
req body: {}
res type: application/json
res body: {"status":401,"msg":"unauthorized"}
------------------------- end
[2020-08-07T13:34:07.237] [44508] ::ffff:172.25.78.33 - "http POST /user/login application/json" 200 86 23ms
------------------------- start
req type: application/json
req query: {}
req body: {"username":"admin","password":"e10adc3949ba59abbe56e057f20f883e"}
res type: application/json
res body: {"status":200,"msg":"success","data":{"token":"ad036808-6a16-42bb-828a-2b7f84b94fd8"}}
------------------------- end
[2020-08-07T13:34:12.495] [44508] ::1 - "http GET /github?code=1a69a137c7bf7f3fa353 null" 404 undefined 739ms
[2020-08-07T13:34:12.595] [44508] ::1 - "http GET /favicon.ico null" 200 35 1ms
------------------------- start
req type: null
req query: {}
req body: {}
res type: application/json
res body: {"status":401,"msg":"unauthorized"}
------------------------- end
[2020-08-07T13:38:27.991] [27776] ::1 - "http GET /favicon.ico null" 200 35 1ms
------------------------- start
req type: null
req query: {}
req body: {}
res type: application/json
res body: {"status":401,"msg":"unauthorized"}
------------------------- end
[2020-08-07T13:38:47.396] [27776] ::1 - "http GET /favicon.ico null" 200 35 0ms
------------------------- start
req type: null
req query: {}
req body: {}
res type: application/json
res body: {"status":401,"msg":"unauthorized"}
------------------------- end
[2020-08-07T13:39:14.996] [21704] ::1 - "http GET /github?code=c6eba460e9c1a649a8fc null" 404 undefined 2520ms
[2020-08-07T13:39:15.082] [21704] ::1 - "http GET /favicon.ico null" 200 118 1ms
------------------------- start
req type: null
req query: {}
req body: {}
res type: application/json
res body: {"status":401,"msg":"unauthorized","data":"Error: token invalid or expired: 438142a5c42542328340a14e092ae0c6f886c023"}
------------------------- end
[2020-08-07T13:39:21.994] [21704] ::1 - "http GET /github?code=c6eba460e9c1a649a8fc null" 404 undefined 610ms
[2020-08-07T13:39:22.077] [21704] ::1 - "http GET /favicon.ico null" 200 35 0ms
------------------------- start
req type: null
req query: {}
req body: {}
res type: application/json
res body: {"status":401,"msg":"unauthorized"}
------------------------- end
[2020-08-07T13:39:38.489] [21704] ::1 - "http GET /github?code=9933cc77502685b973d0 null" 404 undefined 728ms
[2020-08-07T13:39:38.540] [21704] ::1 - "http GET /favicon.ico null" 200 118 1ms
------------------------- start
req type: null
req query: {}
req body: {}
res type: application/json
res body: {"status":401,"msg":"unauthorized","data":"Error: token invalid or expired: 3c9572433be78c7e01551b6846ef1c11b537142f"}
------------------------- end
[2020-08-07T13:40:38.704] [13764] ::1 - "http GET /github?code=b84e18eb4fae287df62a null" 404 undefined 615ms
[2020-08-07T13:40:38.812] [13764] ::1 - "http GET /favicon.ico null" 200 118 4ms
------------------------- start
req type: null
req query: {}
req body: {}
res type: application/json
res body: {"status":401,"msg":"unauthorized","data":"Error: token invalid or expired: 35ff95cc0434241ece405724cef4e84ee2b62f1a"}
------------------------- end
[2020-08-07T13:42:56.290] [3220] ::1 - "http GET /github?code=b867a7385c0434abfcfd null" 404 undefined 610ms
[2020-08-07T13:42:56.351] [3220] ::1 - "http GET /favicon.ico null" 200 118 3ms
------------------------- start
req type: null
req query: {}
req body: {}
res type: application/json
res body: {"status":401,"msg":"unauthorized","data":"Error: token invalid or expired: 8dad6fae76edb057eba02a2ea6553210e2cf894b"}
------------------------- end
[2020-08-07T13:43:47.142] [40548] ::ffff:172.25.78.33 - "http POST /user/login application/json" 200 86 34ms
------------------------- start
req type: application/json
req query: {}
req body: {"username":"admin","password":"e10adc3949ba59abbe56e057f20f883e"}
res type: application/json
res body: {"status":200,"msg":"success","data":{"token":"ea4ae015-4f65-469b-b072-376b5040c6f9"}}
------------------------- end
[2020-08-07T13:43:50.833] [40548] ::1 - "http GET /github?code=503ceb6dd7614a3810e9 null" 404 undefined 767ms
[2020-08-07T13:43:50.896] [40548] ::1 - "http GET /favicon.ico null" 200 118 2ms
------------------------- start
req type: null
req query: {}
req body: {}
res type: application/json
res body: {"status":401,"msg":"unauthorized","data":"Error: token invalid or expired: 073bd26d3055cd4e6f3297ffc0168759ee8f6dbf"}
------------------------- end
[2020-08-07T13:44:01.504] [40548] ::1 - "http GET /github?code=220bcaaa362116408374 null" 404 undefined 757ms
[2020-08-07T13:44:01.569] [40548] ::1 - "http GET /favicon.ico null" 200 118 0ms
------------------------- start
req type: null
req query: {}
req body: {}
res type: application/json
res body: {"status":401,"msg":"unauthorized","data":"Error: token invalid or expired: 6c484d06f3bc9701ef6055a056673fa51e331e9d"}
------------------------- end
[2020-08-07T13:46:33.926] [40548] ::1 - "http GET /github?code=f6451e312f9298df63aa null" 404 undefined 621ms
[2020-08-07T13:46:33.996] [40548] ::1 - "http GET /favicon.ico null" 200 118 1ms
------------------------- start
req type: null
req query: {}
req body: {}
res type: application/json
res body: {"status":401,"msg":"unauthorized","data":"Error: token invalid or expired: 5f7d896045a5a0d26ab4f37c760b21b509f0f5b3"}
------------------------- end
[2020-08-07T13:47:29.044] [40548] ::ffff:127.0.0.1 - "http GET /github?code=96a828cf590a07bf3b40 null" 404 undefined 692ms
[2020-08-07T13:48:32.825] [44356] ::1 - "http GET /github?code=d396571b8265264de2f5 null" 302 41 678ms
[2020-08-07T13:48:32.831] [44356] ::1 - "http GET /home null" 200 118 2ms
------------------------- start
req type: null
req query: {}
req body: {}
res type: application/json
res body: {"status":401,"msg":"unauthorized","data":"Error: token invalid or expired: f06c96fe7932b0f996ed28c6490ba2e48a902323"}
------------------------- end
[2020-08-07T13:48:32.911] [44356] ::1 - "http GET /favicon.ico null" 200 118 0ms
------------------------- start
req type: null
req query: {}
req body: {}
res type: application/json
res body: {"status":401,"msg":"unauthorized","data":"Error: token invalid or expired: f06c96fe7932b0f996ed28c6490ba2e48a902323"}
------------------------- end
[2020-08-07T13:49:00.720] [28508] ::1 - "http GET /github?code=25aeacf5a2600993ec1a null" 302 69 658ms
[2020-08-07T13:49:05.051] [28508] ::1 - "http GET /github?code=32eb1ec58932b803755e null" 302 69 624ms
[2020-08-07T13:49:16.059] [28508] ::1 - "http GET /github?code=484a9df4214acbcd602e null" 302 69 593ms
[2020-08-07T13:57:05.336] [8688] ::1 - "http GET /github?code=96a828cf590a07bf3b40 null" 404 undefined 563ms
[2020-08-07T13:58:30.557] [8688] ::1 - "http GET /github?code=23780b7b9569bcdc160e null" 404 undefined 582ms
[2020-08-07T13:58:30.660] [8688] ::1 - "http GET /favicon.ico null" 200 118 6ms
------------------------- start
req type: null
req query: {}
req body: {}
res type: application/json
res body: {"status":401,"msg":"unauthorized","data":"Error: token invalid or expired: 7c275b90300106bb8e8187f5052047f9541ad0d7"}
------------------------- end
[2020-08-07T15:06:49.539] [20828] ::1 - "http GET /github?code=0bf5dfbbe0765ed106bf null" 302 83 776ms
[2020-08-07T15:07:22.448] [20828] ::1 - "http GET /github?code=e7587d9e5ecfbde083e4 null" 302 83 1194ms
[2020-08-07T15:30:42.351] [34764] ::1 - "http GET /github?code=7fcfdf3dc4e304b4818b null" 302 83 598ms
[2020-08-07T15:35:34.488] [34764] ::1 - "http GET /github?code=157dca571b580e52a968 null" 302 83 664ms
[2020-08-07T15:39:23.435] [45176] ::1 - "http GET /github?code=2f6a14d07ddaf263f502 null" 302 83 1423ms
[2020-08-07T15:56:38.160] [45176] ::1 - "http POST /user/login application/json" 200 86 10ms
------------------------- start
req type: application/json
req query: {}
req body: {"username":"admin","password":"e10adc3949ba59abbe56e057f20f883e"}
res type: application/json
res body: {"status":200,"msg":"success","data":{"token":"1a3a172c-133d-4745-9fe0-1d2057520ab8"}}
------------------------- end
[2020-08-07T16:02:38.112] [16400] ::1 - "http GET /github?code=89afd3580cbdc2fb6864 null" 302 101 751ms
[2020-08-07T16:03:33.433] [16400] ::1 - "http GET /github?code=2da67ca8fc58410298f9 null" 302 101 753ms
[2020-08-07T16:04:03.221] [38164] ::1 - "http GET /github?code=b99bb3acfc4d204b7e9d null" 302 195 776ms
[2020-08-07T16:04:43.507] [38164] ::1 - "http GET /github?code=0aa50d99af8089b87b90 null" 302 195 597ms
[2020-08-07T16:24:30.200] [38164] ::1 - "http GET /github?code=540aa92dd6273c2d440c null" 302 195 618ms
[2020-08-07T16:24:51.745] [38164] ::ffff:127.0.0.1 - "http GET /github?code=96d091820db5687611f8 null" 302 195 584ms
[2020-08-07T16:25:11.230] [38164] ::1 - "http GET /github?code=a05a3b3ce0aad2fcc6a8 null" 302 195 757ms
[2020-08-07T16:25:46.161] [38164] ::1 - "http GET /github?code=f892ba39b9e029fcb580 null" 302 195 746ms
[2020-08-07T16:49:22.265] [38164] ::1 - "http GET /github?code=f892ba39b9e029fcb580 null" 302 133 558ms
[2020-08-07T16:51:46.091] [38164] ::1 - "http GET /github?code=68d72de04ee1bd9e4b42 null" 302 195 605ms
[2020-08-07T16:52:18.013] [38164] ::1 - "http GET /github?code=515c32472db1044634bf null" 302 195 727ms
[2020-08-07T16:52:41.472] [38164] ::1 - "http GET /github?code=3acde9fe327bfb36327a null" 302 195 685ms
[2020-08-07T16:52:51.698] [38164] ::1 - "http GET /github?code=6af3b566266b2cf05d1b null" 302 195 643ms
[2020-08-07T16:56:11.354] [38164] ::1 - "http GET /github?code=d189f082791835faeae9 null" 302 195 647ms
[2020-08-07T17:03:32.165] [41788] ::1 - "http GET /github?code=4c100684019cc1e274bc null" 302 195 660ms
[2020-08-07T17:04:12.017] [14500] ::1 - "http GET /github?code=7a87018a3fb69d1b0dfe null" 302 201 773ms
[2020-08-07T17:04:17.878] [14500] ::1 - "http GET /github?code=3ef3d82369c57b2054be null" 302 201 739ms
[2020-08-07T17:04:53.524] [14500] ::1 - "http GET /github?code=d5ad5e4557e922a867be null" 302 201 570ms
[2020-08-07T17:04:58.934] [14500] ::1 - "http GET /github?code=89f166a33396581b82fa null" 302 201 615ms
[2020-08-07T17:07:15.850] [14500] ::1 - "http GET /github?code=691f0ec0023dcfdde84f null" 302 201 588ms
[2020-08-07T17:12:19.787] [14500] ::1 - "http GET /github?code=dac25f8e65d993620397 null" 302 201 913ms
[2020-08-07T17:16:13.233] [14500] ::1 - "http GET /github?code=c9f140986fcc59e2fd8b null" 302 201 1178ms
